FILE_TYPE=LIBRARY_PARTS;
PRIMITIVE 'AC2010FK_0768RL','AC2010FK_0768RL_Resistor Chip';
  PIN
    '1':
      PIN_NUMBER='(1)';
      NO_LOAD_CHECK=BOTH;
      NO_IO_CHECK=BOTH;
      ALLOW_CONNECT=TRUE;
      PINUSE='UNSPEC';
    '2':
      PIN_NUMBER='(2)';
      NO_LOAD_CHECK=BOTH;
      NO_IO_CHECK=BOTH;
      ALLOW_CONNECT=TRUE;
      PINUSE='UNSPEC';
  END_PIN;
  BODY
    PART_NAME='AC2010FK_0768RL';
    PHYS_DES_PREFIX='R';
    NO_LOAD_CHECK='TRUE';
    PIN_COUNT='2';
    BODY_NAME='AC2010FK_0768RL';
    JEDEC_TYPE='RESC5025X65N';
  END_BODY;
END_PRIMITIVE;
END.
