Removed Pin From Net: NetName=V_LDO Pin=IC5-1
Removed Pin From Net: NetName=GND Pin=IC5-2
Removed Pin From Net: NetName=15V_SHDN Pin=IC5-3
Removed Pin From Net: NetName=5V_SHDN Pin=IC5-4
Removed Pin From Net: NetName=15V_CTRL Pin=IC5-5
Removed Pin From Net: NetName=5V_CTRL Pin=IC5-6
Removed Pin From Net: NetName=GND Pin=IC5-8
Removed Pin From Net: NetName=EXT_GND Pin=IC5-9
Removed Pin From Net: NetName=EXT_GND Pin=IC5-15
Removed Pin From Net: NetName=EXT_3V3 Pin=IC5-16
Added Pin To Net: NetName=EXT_3V3 Pin=IC5-1
Added Pin To Net: NetName=EXT_GND Pin=IC5-2
Added Pin To Net: NetName=EXT_GND Pin=IC5-8
Added Pin To Net: NetName=GND Pin=IC5-9
Added Pin To Net: NetName=15V_SHDN Pin=IC5-11
Added Pin To Net: NetName=5V_SHDN Pin=IC5-12
Added Pin To Net: NetName=15V_CTRL Pin=IC5-13
Added Pin To Net: NetName=5V_CTRL Pin=IC5-14
Added Pin To Net: NetName=GND Pin=IC5-15
Added Pin To Net: NetName=V_LDO Pin=IC5-16
Added Pin To Net: NetName=NetIC5_3 Pin=IC5-3
Added Pin To Net: NetName=NetIC5_3 Pin=J1-S21
Added Net: Name=NetIC5_3
Added Pin To Net: NetName=NetIC5_4 Pin=IC5-4
Added Pin To Net: NetName=NetIC5_4 Pin=J1-S22
Added Net: Name=NetIC5_4
Added Pin To Net: NetName=NetIC5_5 Pin=IC5-5
Added Pin To Net: NetName=NetIC5_5 Pin=J1-S23
Added Net: Name=NetIC5_5
Added Pin To Net: NetName=NetIC5_6 Pin=IC5-6
Added Pin To Net: NetName=NetIC5_6 Pin=J1-S24
Added Net: Name=NetIC5_6
