Removed Pin From Net: NetName=GND Pin=PS1-B5
Removed Pin From Net: NetName=GND Pin=PS1-C1
Removed Pin From Net: NetName=3V3 Pin=PS1-C4
Removed Pin From Net: NetName=3V3 Pin=PS1-D1
Removed Pin From Net: NetName=GND Pin=PS1-E5
Change component parameters: Designator = "PS1" ("PS1"); Footprint = "RPMB5030"; UniqueID = "\SENFOMKJ\HZJJPZBH" ("\SENFOMKJ\HZJJPZBH")
Change component parameters (AddParameter): Name = "Arrow Part Number"; Value = ""; VariantName = "[No Variations]"
Change component parameters (AddParameter): Name = "Arrow Price/Stock"; Value = ""; VariantName = "[No Variations]"
Change component parameters (AddParameter): Name = "Datasheet Link"; Value = "https://componentsearchengine.com/Datasheets/1/RPMB5.0-3.0.pdf"; VariantName = "[No Variations]"
Change component parameters (AddParameter): Name = "Height"; Value = "3.75mm"; VariantName = "[No Variations]"
Change component parameters (AddParameter): Name = "Manufacturer_Name"; Value = "RECOM Power"; VariantName = "[No Variations]"
Change component parameters (AddParameter): Name = "Manufacturer_Part_Number"; Value = "RPMB5.0-3.0"; VariantName = "[No Variations]"
Change component parameters (AddParameter): Name = "Mouser Part Number"; Value = "919-RPMB5.0-3.0"; VariantName = "[No Variations]"
Change component parameters (AddParameter): Name = "Mouser Price/Stock"; Value = "https://www.mouser.co.uk/ProductDetail/RECOM-Power/RPMB50-30?qs=wnTfsH77Xs7FdqATAuFwWQ%3D%3D"; VariantName = "[No Variations]"
Change component parameters (AddParameter): Name = "Supplier 1"; Value = "Mouser"; VariantName = "[No Variations]"
Change component parameters (AddParameter): Name = "Supplier Part Number 1"; Value = "919-RPMB3.3-3.0"; VariantName = "[No Variations]"
Added Pin To Net: NetName=GND Pin=PS1-A3
Added Pin To Net: NetName=GND Pin=PS1-A4
Added Pin To Net: NetName=3V3 Pin=PS1-A5
Added Pin To Net: NetName=3V3 Pin=PS1-B5
Added Pin To Net: NetName=GND Pin=PS1-C4
Added Pin To Net: NetName=GND Pin=PS1-D2
Added Pin To Net: NetName=NetPS1_D1 Pin=PS1-D1
Added Pin To Net: NetName=NetPS1_D1 Pin=R19-2
Added Net: Name=NetPS1_D1
