Removed Pin From Net: NetName=SPI_A0 Pin=IC3-1
Removed Pin From Net: NetName=SPI_A1 Pin=IC3-2
Removed Pin From Net: NetName=SPI_A2 Pin=IC3-3
Removed Pin From Net: NetName=GND Pin=IC3-4
Removed Pin From Net: NetName=GND Pin=IC3-5
Removed Pin From Net: NetName=3V3 Pin=IC3-6
Removed Pin From Net: NetName=CS6 Pin=IC3-10
Removed Pin From Net: NetName=CS5 Pin=IC3-11
Removed Pin From Net: NetName=CS4 Pin=IC3-12
Removed Pin From Net: NetName=CS3 Pin=IC3-13
Removed Pin From Net: NetName=CS2 Pin=IC3-14
Removed Pin From Net: NetName=CS1 Pin=IC3-15
Removed Pin From Net: NetName=3V3 Pin=IC3-16
Removed Pin From Net: NetName=GND Pin=PS1-A3
Removed Pin From Net: NetName=GND Pin=PS1-A4
Removed Pin From Net: NetName=3V3 Pin=PS1-A5
Removed Pin From Net: NetName=3V3 Pin=PS1-B5
Removed Pin From Net: NetName=GND Pin=PS1-C4
Removed Pin From Net: NetName=GND Pin=PS1-D2
Change component parameters: Designator = "IC3" ("IC3"); Footprint = "SOP65P640X120-16N"; UniqueID = "\STBVKRUY\KBLUKUTL" ("\STBVKRUY\KBLUKUTL")
Change component parameters (AddParameter): Name = "Arrow Part Number"; Value = "CD74HC137PWR"; VariantName = "[No Variations]"
Change component parameters (AddParameter): Name = "Arrow Price/Stock"; Value = "https://www.arrow.com/en/products/cd74hc137pwr/texas-instruments"; VariantName = "[No Variations]"
Change component parameters (AddParameter): Name = "Datasheet Link"; Value = "http://www.ti.com/lit/gpn/cd74hc137"; VariantName = "[No Variations]"
Change component parameters (AddParameter): Name = "Height"; Value = "1.2mm"; VariantName = "[No Variations]"
Change component parameters (AddParameter): Name = "Manufacturer_Name"; Value = "Texas Instruments"; VariantName = "[No Variations]"
Change component parameters (AddParameter): Name = "Manufacturer_Part_Number"; Value = "CD74HC137PWR"; VariantName = "[No Variations]"
Change component parameters (AddParameter): Name = "Mouser Part Number"; Value = "595-CD74HC137PWR"; VariantName = "[No Variations]"
Change component parameters (AddParameter): Name = "Mouser Price/Stock"; Value = "https://www.mouser.co.uk/ProductDetail/Texas-Instruments/CD74HC137PWR/?qs=YxwvVplHM%2Fm8ZkoHTCdntQ%3D%3D"; VariantName = "[No Variations]"
Change component parameters: Designator = "PS1" ("PS1"); Footprint = "RPMB5030"; UniqueID = "\SENFOMKJ\PJYWCXFH" ("\SENFOMKJ\PJYWCXFH")
Change component parameters (AddParameter): Name = "Arrow Part Number"; Value = ""; VariantName = "[No Variations]"
Change component parameters (AddParameter): Name = "Arrow Price/Stock"; Value = ""; VariantName = "[No Variations]"
Change component parameters (AddParameter): Name = "Datasheet Link"; Value = "https://componentsearchengine.com/Datasheets/1/RPMB5.0-3.0.pdf"; VariantName = "[No Variations]"
Change component parameters (AddParameter): Name = "Height"; Value = "3.75mm"; VariantName = "[No Variations]"
Change component parameters (AddParameter): Name = "Manufacturer_Name"; Value = "RECOM Power"; VariantName = "[No Variations]"
Change component parameters (AddParameter): Name = "Manufacturer_Part_Number"; Value = "RPMB5.0-3.0"; VariantName = "[No Variations]"
Change component parameters (AddParameter): Name = "Mouser Part Number"; Value = "919-RPMB5.0-3.0"; VariantName = "[No Variations]"
Change component parameters (AddParameter): Name = "Mouser Price/Stock"; Value = "https://www.mouser.co.uk/ProductDetail/RECOM-Power/RPMB50-30?qs=wnTfsH77Xs7FdqATAuFwWQ%3D%3D"; VariantName = "[No Variations]"
Added Pin To Net: NetName=3V3 Pin=IC3-1
Added Pin To Net: NetName=3V3 Pin=IC3-2
Added Pin To Net: NetName=SPI_A0 Pin=IC3-3
Added Pin To Net: NetName=SPI_A1 Pin=IC3-4
Added Pin To Net: NetName=SPI_A2 Pin=IC3-5
Added Pin To Net: NetName=GND Pin=IC3-6
Added Pin To Net: NetName=GND Pin=IC3-7
Added Pin To Net: NetName=CS6 Pin=IC3-11
Added Pin To Net: NetName=CS5 Pin=IC3-12
Added Pin To Net: NetName=CS4 Pin=IC3-13
Added Pin To Net: NetName=CS3 Pin=IC3-14
Added Pin To Net: NetName=CS2 Pin=IC3-15
Added Pin To Net: NetName=CS1 Pin=IC3-16
Added Pin To Net: NetName=GND Pin=PS1-B5
Added Pin To Net: NetName=GND Pin=PS1-C1
Added Pin To Net: NetName=3V3 Pin=PS1-C4
Added Pin To Net: NetName=3V3 Pin=PS1-D1
Added Pin To Net: NetName=GND Pin=PS1-E5
Added Pin To Net: NetName=GND Pin=U2-3
Added Pin To Net: NetName=3V3 Pin=U2-5
Added Pin To Net: NetName=NetPS1_D2 Pin=PS1-D2
Added Pin To Net: NetName=NetPS1_D2 Pin=R19-2
Added Net: Name=NetPS1_D2
