Removed Pin From Net: NetName=3V3 Pin=IC3-1
Removed Pin From Net: NetName=3V3 Pin=IC3-2
Removed Pin From Net: NetName=SPI_A0 Pin=IC3-3
Removed Pin From Net: NetName=SPI_A1 Pin=IC3-4
Removed Pin From Net: NetName=SPI_A2 Pin=IC3-5
Removed Pin From Net: NetName=GND Pin=IC3-6
Removed Pin From Net: NetName=GND Pin=IC3-7
Removed Pin From Net: NetName=CS6 Pin=IC3-11
Removed Pin From Net: NetName=CS5 Pin=IC3-12
Removed Pin From Net: NetName=CS4 Pin=IC3-13
Removed Pin From Net: NetName=CS3 Pin=IC3-14
Removed Pin From Net: NetName=CS2 Pin=IC3-15
Removed Pin From Net: NetName=CS1 Pin=IC3-16
Change component parameters: Designator = "IC3" ("IC3"); Footprint = "SOP65P640X120-16N"; UniqueID = "\STBVKRUY\AQXQJGZU" ("\STBVKRUY\AQXQJGZU")
Change component parameters (AddParameter): Name = "Arrow Part Number"; Value = "CD74HC137PWR"; VariantName = "[No Variations]"
Change component parameters (AddParameter): Name = "Arrow Price/Stock"; Value = "https://www.arrow.com/en/products/cd74hc137pwr/texas-instruments"; VariantName = "[No Variations]"
Change component parameters (AddParameter): Name = "Datasheet Link"; Value = "http://www.ti.com/lit/gpn/cd74hc137"; VariantName = "[No Variations]"
Change component parameters (AddParameter): Name = "Height"; Value = "1.2mm"; VariantName = "[No Variations]"
Change component parameters (AddParameter): Name = "Manufacturer_Name"; Value = "Texas Instruments"; VariantName = "[No Variations]"
Change component parameters (AddParameter): Name = "Manufacturer_Part_Number"; Value = "CD74HC137PWR"; VariantName = "[No Variations]"
Change component parameters (AddParameter): Name = "Mouser Part Number"; Value = "595-CD74HC137PWR"; VariantName = "[No Variations]"
Change component parameters (AddParameter): Name = "Mouser Price/Stock"; Value = "https://www.mouser.co.uk/ProductDetail/Texas-Instruments/CD74HC137PWR/?qs=YxwvVplHM%2Fm8ZkoHTCdntQ%3D%3D"; VariantName = "[No Variations]"
Change component parameters (AddParameter): Name = "Supplier 1"; Value = "Mouser"; VariantName = "[No Variations]"
Change component parameters (AddParameter): Name = "Supplier Part Number 1"; Value = "595-CD74HC137PWR"; VariantName = "[No Variations]"
Added Pin To Net: NetName=SPI_A0 Pin=IC3-1
Added Pin To Net: NetName=SPI_A1 Pin=IC3-2
Added Pin To Net: NetName=SPI_A2 Pin=IC3-3
Added Pin To Net: NetName=GND Pin=IC3-4
Added Pin To Net: NetName=GND Pin=IC3-5
Added Pin To Net: NetName=3V3 Pin=IC3-6
Added Pin To Net: NetName=CS6 Pin=IC3-10
Added Pin To Net: NetName=CS5 Pin=IC3-11
Added Pin To Net: NetName=CS4 Pin=IC3-12
Added Pin To Net: NetName=CS3 Pin=IC3-13
Added Pin To Net: NetName=CS2 Pin=IC3-14
Added Pin To Net: NetName=CS1 Pin=IC3-15
Added Pin To Net: NetName=3V3 Pin=IC3-16
