Removed Pin From Net: NetName=EXT_3V3 Pin=C6-1
Removed Pin From Net: NetName=EXT_GND Pin=C6-2
Removed Pin From Net: NetName=EXT_3V3 Pin=IC5-1
Removed Pin From Net: NetName=EXT_3V3 Pin=IC5-7
Added Component: Designator=C7(CAPC1608X95N)
Add component (AddParameter): Name = "Arrow Part Number"; Value = "C0603C104K5RACTU"; VariantName = "[No Variations]"
Add component (AddParameter): Name = "Arrow Price/Stock"; Value = "https://www.arrow.com/en/products/c0603c104k5ractu/kemet-corporation"; VariantName = "[No Variations]"
Add component (AddParameter): Name = "Datasheet Link"; Value = "http://www.farnell.com/datasheets/2205446.pdf"; VariantName = "[No Variations]"
Add component (AddParameter): Name = "Height"; Value = "0.95mm"; VariantName = "[No Variations]"
Add component (AddParameter): Name = "Manufacturer_Name"; Value = "Kemet"; VariantName = "[No Variations]"
Add component (AddParameter): Name = "Manufacturer_Part_Number"; Value = "C0603C104K5RACTU"; VariantName = "[No Variations]"
Add component (AddParameter): Name = "Mouser Part Number"; Value = "80-C0603C104K5R"; VariantName = "[No Variations]"
Add component (AddParameter): Name = "Mouser Price/Stock"; Value = "https://www.mouser.co.uk/ProductDetail/KEMET/C0603C104K5RACTU?qs=l5k%252BbMnNDkkVcnZPSAaaiQ%3D%3D"; VariantName = "[No Variations]"
Add component (AddParameter): Name = "Supplier 1"; Value = "Mouser"; VariantName = "[No Variations]"
Add component (AddParameter): Name = "Supplier Part Number 1"; Value = "80-C0603C104K5R"; VariantName = "[No Variations]"
Add component (AddParameter): Name = "Value"; Value = "100n"; VariantName = "[No Variations]"
Added Component: Designator=C9(CAPC1608X95N)
Add component (AddParameter): Name = "Arrow Part Number"; Value = "C0603C104K5RACTU"; VariantName = "[No Variations]"
Add component (AddParameter): Name = "Arrow Price/Stock"; Value = "https://www.arrow.com/en/products/c0603c104k5ractu/kemet-corporation"; VariantName = "[No Variations]"
Add component (AddParameter): Name = "Datasheet Link"; Value = "http://www.farnell.com/datasheets/2205446.pdf"; VariantName = "[No Variations]"
Add component (AddParameter): Name = "Height"; Value = "0.95mm"; VariantName = "[No Variations]"
Add component (AddParameter): Name = "Manufacturer_Name"; Value = "Kemet"; VariantName = "[No Variations]"
Add component (AddParameter): Name = "Manufacturer_Part_Number"; Value = "C0603C104K5RACTU"; VariantName = "[No Variations]"
Add component (AddParameter): Name = "Mouser Part Number"; Value = "80-C0603C104K5R"; VariantName = "[No Variations]"
Add component (AddParameter): Name = "Mouser Price/Stock"; Value = "https://www.mouser.co.uk/ProductDetail/KEMET/C0603C104K5RACTU?qs=l5k%252BbMnNDkkVcnZPSAaaiQ%3D%3D"; VariantName = "[No Variations]"
Add component (AddParameter): Name = "Supplier 1"; Value = "Mouser"; VariantName = "[No Variations]"
Add component (AddParameter): Name = "Supplier Part Number 1"; Value = "80-C0603C104K5R"; VariantName = "[No Variations]"
Add component (AddParameter): Name = "Value"; Value = "100n"; VariantName = "[No Variations]"
Added Pin To Net: NetName=EXT_GND Pin=C7-2
Added Pin To Net: NetName=GND Pin=C26-1
Added Pin To Net: NetName=V_LDO Pin=C26-2
Added Pin To Net: NetName=EXT_SDA Pin=IC3-2
Added Pin To Net: NetName=GND Pin=IC3-5
Added Pin To Net: NetName=V_LDO Pin=IC3-8
Added Pin To Net: NetName=GND Pin=IC5-9
Added Pin To Net: NetName=24VA_SHDN Pin=IC5-12
Added Pin To Net: NetName=24VB_CTRL Pin=IC5-13
Added Pin To Net: NetName=GND Pin=IC5-15
Change Net Name : Old Net Name=NetIC5_11 New Net Name=NetIC5_3
Change Net Name : Old Net Name=NetIC5_12 New Net Name=NetIC5_4
Change Net Name : Old Net Name=NetIC5_13 New Net Name=NetIC5_5
Change Net Name : Old Net Name=NetIC5_14 New Net Name=NetIC5_6
Added Pin To Net: NetName=NetC7_1 Pin=C7-1
Added Pin To Net: NetName=NetC7_1 Pin=IC5-7
Added Net: Name=NetC7_1
Added Pin To Net: NetName=NetC9_1 Pin=C9-1
Added Pin To Net: NetName=NetC9_1 Pin=IC5-10
Added Pin To Net: NetName=NetC9_1 Pin=IC5-16
Added Net: Name=NetC9_1
Added Member To Class: ClassName=Module Member=Component C7 C0603C104K5RACTU
Added Member To Class: ClassName=Module Member=Component C9 C0603C104K5RACTU
Added Member To Class: ClassName=DAC Member=Component C26 C0603C104K5RACTU
Added Member To Class: ClassName=DAC Member=Component C32 C0603C104K5RACTU
Added Member To Class: ClassName=DAC Member=Component IC3 ADUM1251ARZ
Added Member To Class: ClassName=Module Member=Component IC5 SI8640EB-B-IU
